<?xml version="1.0" encoding="UTF-8"?>
<!-- Generated by org.testng.reporters.JUnitReportReporter -->
<testsuite skipped="54" hostname="DESKTOP-BSUKEFJ" name="FunctionalTest.LandApplicationTest" tests="56" failures="0" timestamp="2020-08-01T16:53:43 IST" time="46.874" errors="1">
  <testcase name="tearDown" time="0.035" classname="FunctionalTest.LandApplicationTest">
    <error type="java.lang.NullPointerException">
      <![CDATA[java.lang.NullPointerException
at FunctionalTest.LandApplicationTest.tearDown(LandApplicationTest.java:1427)
at sun.reflect.NativeMethodAccessorImpl.invoke0(Native Method)
at sun.reflect.NativeMethodAccessorImpl.invoke(NativeMethodAccessorImpl.java:62)
at sun.reflect.DelegatingMethodAccessorImpl.invoke(DelegatingMethodAccessorImpl.java:43)
at java.lang.reflect.Method.invoke(Method.java:498)
at org.testng.internal.MethodInvocationHelper.invokeMethod(MethodInvocationHelper.java:133)
at org.testng.internal.MethodInvocationHelper.invokeMethodConsideringTimeout(MethodInvocationHelper.java:62)
at org.testng.internal.ConfigInvoker.invokeConfigurationMethod(ConfigInvoker.java:340)
at org.testng.internal.ConfigInvoker.invokeConfigurations(ConfigInvoker.java:294)
at org.testng.internal.TestInvoker.runConfigMethods(TestInvoker.java:683)
at org.testng.internal.TestInvoker.runAfterGroupsConfigurations(TestInvoker.java:658)
at org.testng.internal.TestInvoker.invokeMethod(TestInvoker.java:642)
at org.testng.internal.TestInvoker.invokeTestMethod(TestInvoker.java:172)
at org.testng.internal.MethodRunner.runInSequence(MethodRunner.java:46)
at org.testng.internal.TestInvoker$MethodInvocationAgent.invoke(TestInvoker.java:804)
at org.testng.internal.TestInvoker.invokeTestMethods(TestInvoker.java:145)
at org.testng.internal.TestMethodWorker.invokeTestMethods(TestMethodWorker.java:146)
at org.testng.internal.TestMethodWorker.run(TestMethodWorker.java:128)
at java.util.ArrayList.forEach(ArrayList.java:1257)
at org.testng.TestRunner.privateRun(TestRunner.java:770)
at org.testng.TestRunner.run(TestRunner.java:591)
at org.testng.SuiteRunner.runTest(SuiteRunner.java:402)
at org.testng.SuiteRunner.runSequentially(SuiteRunner.java:396)
at org.testng.SuiteRunner.privateRun(SuiteRunner.java:355)
at org.testng.SuiteRunner.run(SuiteRunner.java:304)
at org.testng.SuiteRunnerWorker.runSuite(SuiteRunnerWorker.java:53)
at org.testng.SuiteRunnerWorker.run(SuiteRunnerWorker.java:96)
at org.testng.TestNG.runSuitesSequentially(TestNG.java:1180)
at org.testng.TestNG.runSuitesLocally(TestNG.java:1102)
at org.testng.TestNG.runSuites(TestNG.java:1032)
at org.testng.TestNG.run(TestNG.java:1000)
at org.testng.remote.AbstractRemoteTestNG.run(AbstractRemoteTestNG.java:115)
at org.testng.remote.RemoteTestNG.initAndRun(RemoteTestNG.java:251)
at org.testng.remote.RemoteTestNG.main(RemoteTestNG.java:77)
]]>
    </error>
  </testcase> <!-- tearDown -->
  <testcase name="setUp" time="46.839" classname="FunctionalTest.LandApplicationTest"/>
  <testcase name="autoFilledCheckName" time="0.000" classname="FunctionalTest.LandApplicationTest">
    <skipped/>
  </testcase> <!-- autoFilledCheckName -->
  <testcase name="autoFilledCheckMnumber" time="0.000" classname="FunctionalTest.LandApplicationTest">
    <skipped/>
  </testcase> <!-- autoFilledCheckMnumber -->
  <testcase name="autoFilledCheckEmail" time="0.000" classname="FunctionalTest.LandApplicationTest">
    <skipped/>
  </testcase> <!-- autoFilledCheckEmail -->
  <testcase name="autoFilledCheckCountry" time="0.000" classname="FunctionalTest.LandApplicationTest">
    <skipped/>
  </testcase> <!-- autoFilledCheckCountry -->
  <testcase name="autoFilledCheckState" time="0.000" classname="FunctionalTest.LandApplicationTest">
    <skipped/>
  </testcase> <!-- autoFilledCheckState -->
  <testcase name="autoFilledCheckCity" time="0.000" classname="FunctionalTest.LandApplicationTest">
    <skipped/>
  </testcase> <!-- autoFilledCheckCity -->
  <testcase name="autoFilledCheckPin" time="0.000" classname="FunctionalTest.LandApplicationTest">
    <skipped/>
  </testcase> <!-- autoFilledCheckPin -->
  <testcase name="autoFilledCheckCat" time="0.000" classname="FunctionalTest.LandApplicationTest">
    <skipped/>
  </testcase> <!-- autoFilledCheckCat -->
  <testcase name="autoFilledAddress" time="0.000" classname="FunctionalTest.LandApplicationTest">
    <skipped/>
  </testcase> <!-- autoFilledAddress -->
  <testcase name="autoFilledBName" time="0.000" classname="FunctionalTest.LandApplicationTest">
    <skipped/>
  </testcase> <!-- autoFilledBName -->
  <testcase name="autoFilledBranch" time="0.000" classname="FunctionalTest.LandApplicationTest">
    <skipped/>
  </testcase> <!-- autoFilledBranch -->
  <testcase name="autoFilledifsc" time="0.000" classname="FunctionalTest.LandApplicationTest">
    <skipped/>
  </testcase> <!-- autoFilledifsc -->
  <testcase name="autoFilledaccountNum" time="0.000" classname="FunctionalTest.LandApplicationTest">
    <skipped/>
  </testcase> <!-- autoFilledaccountNum -->
  <testcase name="plotSizeInvalid" time="0.000" classname="FunctionalTest.LandApplicationTest">
    <skipped/>
  </testcase> <!-- plotSizeInvalid -->
  <testcase name="builtupAreaInvalid" time="0.000" classname="FunctionalTest.LandApplicationTest">
    <skipped/>
  </testcase> <!-- builtupAreaInvalid -->
  <testcase name="plinthAreaInvalid" time="0.000" classname="FunctionalTest.LandApplicationTest">
    <skipped/>
  </testcase> <!-- plinthAreaInvalid -->
  <testcase name="FPWSAreaInvalid" time="0.000" classname="FunctionalTest.LandApplicationTest">
    <skipped/>
  </testcase> <!-- FPWSAreaInvalid -->
  <testcase name="projectTotalEMPVerification" time="0.000" classname="FunctionalTest.LandApplicationTest">
    <skipped/>
  </testcase> <!-- projectTotalEMPVerification -->
  <testcase name="RequirementPowerInvalid" time="0.000" classname="FunctionalTest.LandApplicationTest">
    <skipped/>
  </testcase> <!-- RequirementPowerInvalid -->
  <testcase name="EstimatedeffluentInvalid" time="0.000" classname="FunctionalTest.LandApplicationTest">
    <skipped/>
  </testcase> <!-- EstimatedeffluentInvalid -->
  <testcase name="EstimatedsolidwasteInvalid" time="0.000" classname="FunctionalTest.LandApplicationTest">
    <skipped/>
  </testcase> <!-- EstimatedsolidwasteInvalid -->
  <testcase name="DomesticwaterInvalid" time="0.000" classname="FunctionalTest.LandApplicationTest">
    <skipped/>
  </testcase> <!-- DomesticwaterInvalid -->
  <testcase name="IndustrialwaterInvalid" time="0.000" classname="FunctionalTest.LandApplicationTest">
    <skipped/>
  </testcase> <!-- IndustrialwaterInvalid -->
  <testcase name="FinancialDetailsInvalid" time="0.000" classname="FunctionalTest.LandApplicationTest">
    <skipped/>
  </testcase> <!-- FinancialDetailsInvalid -->
  <testcase name="InvestmentinBuildingInvalid" time="0.000" classname="FunctionalTest.LandApplicationTest">
    <skipped/>
  </testcase> <!-- InvestmentinBuildingInvalid -->
  <testcase name="FinancialArrangementInvalid" time="0.000" classname="FunctionalTest.LandApplicationTest">
    <skipped/>
  </testcase> <!-- FinancialArrangementInvalid -->
  <testcase name="ExperienceInIndustryValidity" time="0.000" classname="FunctionalTest.LandApplicationTest">
    <skipped/>
  </testcase> <!-- ExperienceInIndustryValidity -->
  <testcase name="promoterexperience" time="0.000" classname="FunctionalTest.LandApplicationTest">
    <skipped/>
  </testcase> <!-- promoterexperience -->
  <testcase name="OtherOperationalUnitsinIndiavalidity" time="0.000" classname="FunctionalTest.LandApplicationTest">
    <skipped/>
  </testcase> <!-- OtherOperationalUnitsinIndiavalidity -->
  <testcase name="DetailedProjectReportBlank" time="0.000" classname="FunctionalTest.LandApplicationTest">
    <skipped/>
  </testcase> <!-- DetailedProjectReportBlank -->
  <testcase name="DetailedProjectReportValid" time="0.000" classname="FunctionalTest.LandApplicationTest">
    <skipped/>
  </testcase> <!-- DetailedProjectReportValid -->
  <testcase name="DetailedProjectReportExcelFile" time="0.000" classname="FunctionalTest.LandApplicationTest">
    <skipped/>
  </testcase> <!-- DetailedProjectReportExcelFile -->
  <testcase name="DetailedProjectReportTxtFile" time="0.000" classname="FunctionalTest.LandApplicationTest">
    <skipped/>
  </testcase> <!-- DetailedProjectReportTxtFile -->
  <testcase name="DetailedProjectReportDocFile" time="0.000" classname="FunctionalTest.LandApplicationTest">
    <skipped/>
  </testcase> <!-- DetailedProjectReportDocFile -->
  <testcase name="DetailedProjectReportMP4File" time="0.000" classname="FunctionalTest.LandApplicationTest">
    <skipped/>
  </testcase> <!-- DetailedProjectReportMP4File -->
  <testcase name="DetailedProjectReportImageFile" time="0.000" classname="FunctionalTest.LandApplicationTest">
    <skipped/>
  </testcase> <!-- DetailedProjectReportImageFile -->
  <testcase name="PANofEstablishedBanks" time="0.000" classname="FunctionalTest.LandApplicationTest">
    <skipped/>
  </testcase> <!-- PANofEstablishedBanks -->
  <testcase name="PANofEstablishedBanksExcelFile" time="0.000" classname="FunctionalTest.LandApplicationTest">
    <skipped/>
  </testcase> <!-- PANofEstablishedBanksExcelFile -->
  <testcase name="PANofEstablishedBanksTxtFile" time="0.000" classname="FunctionalTest.LandApplicationTest">
    <skipped/>
  </testcase> <!-- PANofEstablishedBanksTxtFile -->
  <testcase name="PANofEstablishedBanksDocFile" time="0.000" classname="FunctionalTest.LandApplicationTest">
    <skipped/>
  </testcase> <!-- PANofEstablishedBanksDocFile -->
  <testcase name="PANofEstablishedBanksMP4File" time="0.000" classname="FunctionalTest.LandApplicationTest">
    <skipped/>
  </testcase> <!-- PANofEstablishedBanksMP4File -->
  <testcase name="PANofEstablishedBanksImageFile" time="0.000" classname="FunctionalTest.LandApplicationTest">
    <skipped/>
  </testcase> <!-- PANofEstablishedBanksImageFile -->
  <testcase name="dulyNotarizedUndertaking" time="0.000" classname="FunctionalTest.LandApplicationTest">
    <skipped/>
  </testcase> <!-- dulyNotarizedUndertaking -->
  <testcase name="dulyNotarizedUndertakingExcelFile" time="0.000" classname="FunctionalTest.LandApplicationTest">
    <skipped/>
  </testcase> <!-- dulyNotarizedUndertakingExcelFile -->
  <testcase name="dulyNotarizedUndertakingTxtFile" time="0.000" classname="FunctionalTest.LandApplicationTest">
    <skipped/>
  </testcase> <!-- dulyNotarizedUndertakingTxtFile -->
  <testcase name="dulyNotarizedUndertakingDocFile" time="0.000" classname="FunctionalTest.LandApplicationTest">
    <skipped/>
  </testcase> <!-- dulyNotarizedUndertakingDocFile -->
  <testcase name="dulyNotarizedUndertakinMP4File" time="0.000" classname="FunctionalTest.LandApplicationTest">
    <skipped/>
  </testcase> <!-- dulyNotarizedUndertakinMP4File -->
  <testcase name="dulyNotarizedUndertakinImageFile" time="0.000" classname="FunctionalTest.LandApplicationTest">
    <skipped/>
  </testcase> <!-- dulyNotarizedUndertakinImageFile -->
  <testcase name="Copyoftheconstitutionregistration" time="0.000" classname="FunctionalTest.LandApplicationTest">
    <skipped/>
  </testcase> <!-- Copyoftheconstitutionregistration -->
  <testcase name="powerofattorney" time="0.000" classname="FunctionalTest.LandApplicationTest">
    <skipped/>
  </testcase> <!-- powerofattorney -->
  <testcase name="BoardResolution" time="0.000" classname="FunctionalTest.LandApplicationTest">
    <skipped/>
  </testcase> <!-- BoardResolution -->
  <testcase name="Authorizedsignatorieslist" time="0.000" classname="FunctionalTest.LandApplicationTest">
    <skipped/>
  </testcase> <!-- Authorizedsignatorieslist -->
  <testcase name="Checkenablepreviewpage" time="0.000" classname="FunctionalTest.LandApplicationTest">
    <skipped/>
  </testcase> <!-- Checkenablepreviewpage -->
  <testcase name="checkexpectedtext" time="0.000" classname="FunctionalTest.LandApplicationTest">
    <skipped/>
  </testcase> <!-- checkexpectedtext -->
</testsuite> <!-- FunctionalTest.LandApplicationTest -->
