<?xml version="1.0" encoding="UTF-8"?>
<!-- Generated by org.testng.reporters.JUnitReportReporter -->
<testsuite skipped="0" hostname="DESKTOP-BSUKEFJ" name="RegressionTest.TestImageUpload" tests="3" failures="0" timestamp="2020-07-11T23:45:49 IST" time="121.453" errors="0">
  <testcase name="setUp" time="40.399" classname="RegressionTest.TestImageUpload"/>
  <testcase name="login" time="45.766" classname="RegressionTest.TestImageUpload"/>
  <testcase name="UploadPDF" time="35.288" classname="RegressionTest.TestImageUpload"/>
</testsuite> <!-- RegressionTest.TestImageUpload -->
